<?xml version="1.0" encoding="UTF-8"?>
<testng-results skipped="0" failed="0" ignored="0" total="3" passed="3">
  <reporter-output>
  </reporter-output>
  <suite name="Default suite" duration-ms="34465" started-at="2022-07-29T01:17:19 IST" finished-at="2022-07-29T01:17:53 IST">
    <groups>
    </groups>
    <test name="Default test" duration-ms="34465" started-at="2022-07-29T01:17:19 IST" finished-at="2022-07-29T01:17:53 IST">
      <class name="VerifyMovieDetails">
        <test-method status="PASS" signature="OpenApp()[pri:0, instance:VerifyMovieDetails@6e6c3152]" name="OpenApp" is-config="true" duration-ms="3268" started-at="2022-07-29T01:17:19 IST" finished-at="2022-07-29T01:17:22 IST">
          <reporter-output>
          </reporter-output>
        </test-method> <!-- OpenApp -->
        <test-method status="PASS" signature="GetMovieDetailsFromIMDB()[pri:0, instance:VerifyMovieDetails@6e6c3152]" name="GetMovieDetailsFromIMDB" duration-ms="18958" started-at="2022-07-29T01:17:22 IST" finished-at="2022-07-29T01:17:41 IST">
          <reporter-output>
          </reporter-output>
        </test-method> <!-- GetMovieDetailsFromIMDB -->
        <test-method status="PASS" signature="CloseApp()[pri:0, instance:VerifyMovieDetails@6e6c3152]" name="CloseApp" is-config="true" duration-ms="270" started-at="2022-07-29T01:17:41 IST" finished-at="2022-07-29T01:17:41 IST">
          <reporter-output>
          </reporter-output>
        </test-method> <!-- CloseApp -->
        <test-method status="PASS" signature="OpenApp()[pri:0, instance:VerifyMovieDetails@6e6c3152]" name="OpenApp" is-config="true" duration-ms="2050" started-at="2022-07-29T01:17:41 IST" finished-at="2022-07-29T01:17:43 IST">
          <reporter-output>
          </reporter-output>
        </test-method> <!-- OpenApp -->
        <test-method status="PASS" signature="GetMovieDetailsFromWiki()[pri:1, instance:VerifyMovieDetails@6e6c3152]" name="GetMovieDetailsFromWiki" duration-ms="7858" started-at="2022-07-29T01:17:43 IST" finished-at="2022-07-29T01:17:51 IST">
          <reporter-output>
          </reporter-output>
        </test-method> <!-- GetMovieDetailsFromWiki -->
        <test-method status="PASS" signature="CloseApp()[pri:0, instance:VerifyMovieDetails@6e6c3152]" name="CloseApp" is-config="true" duration-ms="224" started-at="2022-07-29T01:17:51 IST" finished-at="2022-07-29T01:17:52 IST">
          <reporter-output>
          </reporter-output>
        </test-method> <!-- CloseApp -->
        <test-method status="PASS" signature="OpenApp()[pri:0, instance:VerifyMovieDetails@6e6c3152]" name="OpenApp" is-config="true" duration-ms="1546" started-at="2022-07-29T01:17:52 IST" finished-at="2022-07-29T01:17:53 IST">
          <reporter-output>
          </reporter-output>
        </test-method> <!-- OpenApp -->
        <test-method status="PASS" signature="VerifyTheDetails()[pri:2, instance:VerifyMovieDetails@6e6c3152]" name="VerifyTheDetails" duration-ms="6" started-at="2022-07-29T01:17:53 IST" finished-at="2022-07-29T01:17:53 IST">
          <reporter-output>
          </reporter-output>
        </test-method> <!-- VerifyTheDetails -->
        <test-method status="PASS" signature="CloseApp()[pri:0, instance:VerifyMovieDetails@6e6c3152]" name="CloseApp" is-config="true" duration-ms="217" started-at="2022-07-29T01:17:53 IST" finished-at="2022-07-29T01:17:53 IST">
          <reporter-output>
          </reporter-output>
        </test-method> <!-- CloseApp -->
      </class> <!-- VerifyMovieDetails -->
    </test> <!-- Default test -->
  </suite> <!-- Default suite -->
</testng-results>
